c:\users\cariy\downloads\solutions\solutions\windows32\windows32\debug\vc143.pdb
c:\users\cariy\downloads\solutions\solutions\windows32\windows32\debug\vc143.idb
c:\users\cariy\downloads\solutions\solutions\windows32\windows32\debug\framework.obj
c:\users\cariy\downloads\solutions\solutions\windows32\windows32\debug\framework.cod
c:\users\cariy\downloads\solutions\solutions\windows32\windows32\debug\windows32.ilk
c:\users\cariy\downloads\solutions\solutions\windows32\debug\windows32.exe
c:\users\cariy\downloads\solutions\solutions\windows32\debug\windows32.map
c:\users\cariy\downloads\solutions\solutions\windows32\debug\windows32.pdb
c:\users\cariy\downloads\solutions\solutions\windows32\windows32\debug\example.obj
c:\users\cariy\downloads\solutions\solutions\windows32\windows32\debug\io.obj
c:\users\cariy\downloads\solutions\solutions\windows32\windows32\debug\framework.res
c:\users\cariy\downloads\solutions\solutions\windows32\windows32\debug\windows32.tlog\cl.command.1.tlog
c:\users\cariy\downloads\solutions\solutions\windows32\windows32\debug\windows32.tlog\cl.items.tlog
c:\users\cariy\downloads\solutions\solutions\windows32\windows32\debug\windows32.tlog\cl.read.1.tlog
c:\users\cariy\downloads\solutions\solutions\windows32\windows32\debug\windows32.tlog\cl.write.1.tlog
c:\users\cariy\downloads\solutions\solutions\windows32\windows32\debug\windows32.tlog\link.command.1.tlog
c:\users\cariy\downloads\solutions\solutions\windows32\windows32\debug\windows32.tlog\link.read.1.tlog
c:\users\cariy\downloads\solutions\solutions\windows32\windows32\debug\windows32.tlog\link.write.1.tlog
c:\users\cariy\downloads\solutions\solutions\windows32\windows32\debug\windows32.tlog\masm.read.1u.tlog
c:\users\cariy\downloads\solutions\solutions\windows32\windows32\debug\windows32.tlog\masm.write.1u.tlog
c:\users\cariy\downloads\solutions\solutions\windows32\windows32\debug\windows32.tlog\rc.command.1.tlog
c:\users\cariy\downloads\solutions\solutions\windows32\windows32\debug\windows32.tlog\rc.read.1.tlog
c:\users\cariy\downloads\solutions\solutions\windows32\windows32\debug\windows32.tlog\rc.write.1.tlog
